<?xml version="1.0" encoding="UTF-8"?>
<testsuite xmlns:xsi="http://www.w3.org/2001/XMLSchema-instance" xsi:noNamespaceSchemaLocation="https://maven.apache.org/surefire/maven-surefire-plugin/xsd/surefire-test-report.xsd" name="TestSuite" time="20.869" tests="1" errors="0" skipped="0" failures="0">
  <properties>
    <property name="sun.desktop" value="windows"/>
    <property name="awt.toolkit" value="sun.awt.windows.WToolkit"/>
    <property name="file.encoding.pkg" value="sun.io"/>
    <property name="java.specification.version" value="1.8"/>
    <property name="sun.cpu.isalist" value="amd64"/>
    <property name="sun.jnu.encoding" value="Cp1252"/>
    <property name="java.class.path" value="C:\Users\Sailaja.Samal\eclipse-workspace\Feedzai_test2\target\test-classes;C:\Users\Sailaja.Samal\eclipse-workspace\Feedzai_test2\target\classes;C:\Users\Sailaja.Samal\.m2\repository\org\freemarker\freemarker\2.3.23\freemarker-2.3.23.jar;C:\Users\Sailaja.Samal\.m2\repository\log4j\log4j\1.2.17\log4j-1.2.17.jar;C:\Users\Sailaja.Samal\.m2\repository\org\testng\testng\6.14.2\testng-6.14.2.jar;C:\Users\Sailaja.Samal\.m2\repository\com\beust\jcommander\1.72\jcommander-1.72.jar;C:\Users\Sailaja.Samal\.m2\repository\org\apache-extras\beanshell\bsh\2.0b6\bsh-2.0b6.jar;C:\Users\Sailaja.Samal\.m2\repository\org\apache\maven\plugins\maven-compiler-plugin\3.7.0\maven-compiler-plugin-3.7.0.jar;C:\Users\Sailaja.Samal\.m2\repository\org\apache\maven\maven-plugin-api\3.0\maven-plugin-api-3.0.jar;C:\Users\Sailaja.Samal\.m2\repository\org\apache\maven\maven-model\3.0\maven-model-3.0.jar;C:\Users\Sailaja.Samal\.m2\repository\org\sonatype\sisu\sisu-inject-plexus\1.4.2\sisu-inject-plexus-1.4.2.jar;C:\Users\Sailaja.Samal\.m2\repository\org\sonatype\sisu\sisu-inject-bean\1.4.2\sisu-inject-bean-1.4.2.jar;C:\Users\Sailaja.Samal\.m2\repository\org\sonatype\sisu\sisu-guice\2.1.7\sisu-guice-2.1.7-noaop.jar;C:\Users\Sailaja.Samal\.m2\repository\org\apache\maven\maven-artifact\3.0\maven-artifact-3.0.jar;C:\Users\Sailaja.Samal\.m2\repository\org\codehaus\plexus\plexus-utils\2.0.4\plexus-utils-2.0.4.jar;C:\Users\Sailaja.Samal\.m2\repository\org\apache\maven\maven-core\3.0\maven-core-3.0.jar;C:\Users\Sailaja.Samal\.m2\repository\org\apache\maven\maven-settings\3.0\maven-settings-3.0.jar;C:\Users\Sailaja.Samal\.m2\repository\org\apache\maven\maven-settings-builder\3.0\maven-settings-builder-3.0.jar;C:\Users\Sailaja.Samal\.m2\repository\org\apache\maven\maven-repository-metadata\3.0\maven-repository-metadata-3.0.jar;C:\Users\Sailaja.Samal\.m2\repository\org\apache\maven\maven-model-builder\3.0\maven-model-builder-3.0.jar;C:\Users\Sailaja.Samal\.m2\repository\org\apache\maven\maven-aether-provider\3.0\maven-aether-provider-3.0.jar;C:\Users\Sailaja.Samal\.m2\repository\org\sonatype\aether\aether-impl\1.7\aether-impl-1.7.jar;C:\Users\Sailaja.Samal\.m2\repository\org\sonatype\aether\aether-spi\1.7\aether-spi-1.7.jar;C:\Users\Sailaja.Samal\.m2\repository\org\sonatype\aether\aether-api\1.7\aether-api-1.7.jar;C:\Users\Sailaja.Samal\.m2\repository\org\sonatype\aether\aether-util\1.7\aether-util-1.7.jar;C:\Users\Sailaja.Samal\.m2\repository\org\codehaus\plexus\plexus-interpolation\1.14\plexus-interpolation-1.14.jar;C:\Users\Sailaja.Samal\.m2\repository\org\codehaus\plexus\plexus-classworlds\2.2.3\plexus-classworlds-2.2.3.jar;C:\Users\Sailaja.Samal\.m2\repository\org\codehaus\plexus\plexus-component-annotations\1.5.5\plexus-component-annotations-1.5.5.jar;C:\Users\Sailaja.Samal\.m2\repository\org\sonatype\plexus\plexus-sec-dispatcher\1.3\plexus-sec-dispatcher-1.3.jar;C:\Users\Sailaja.Samal\.m2\repository\org\sonatype\plexus\plexus-cipher\1.4\plexus-cipher-1.4.jar;C:\Users\Sailaja.Samal\.m2\repository\org\apache\maven\shared\maven-shared-utils\3.1.0\maven-shared-utils-3.1.0.jar;C:\Users\Sailaja.Samal\.m2\repository\org\apache\maven\shared\maven-shared-incremental\1.1\maven-shared-incremental-1.1.jar;C:\Users\Sailaja.Samal\.m2\repository\org\codehaus\plexus\plexus-java\0.9.2\plexus-java-0.9.2.jar;C:\Users\Sailaja.Samal\.m2\repository\org\ow2\asm\asm\6.0_BETA\asm-6.0_BETA.jar;C:\Users\Sailaja.Samal\.m2\repository\com\thoughtworks\qdox\qdox\2.0-M7\qdox-2.0-M7.jar;C:\Users\Sailaja.Samal\.m2\repository\org\codehaus\plexus\plexus-compiler-api\2.8.2\plexus-compiler-api-2.8.2.jar;C:\Users\Sailaja.Samal\.m2\repository\org\codehaus\plexus\plexus-compiler-manager\2.8.2\plexus-compiler-manager-2.8.2.jar;C:\Users\Sailaja.Samal\.m2\repository\org\codehaus\plexus\plexus-compiler-javac\2.8.2\plexus-compiler-javac-2.8.2.jar;C:\Users\Sailaja.Samal\.m2\repository\org\apache\maven\plugins\maven-surefire-plugin\2.21.0\maven-surefire-plugin-2.21.0.jar;C:\Users\Sailaja.Samal\.m2\repository\org\apache\maven\surefire\maven-surefire-common\2.21.0\maven-surefire-common-2.21.0.jar;C:\Users\Sailaja.Samal\.m2\repository\org\apache\maven\plugin-tools\maven-plugin-annotations\3.5\maven-plugin-annotations-3.5.jar;C:\Users\Sailaja.Samal\.m2\repository\org\apache\maven\surefire\surefire-api\2.21.0\surefire-api-2.21.0.jar;C:\Users\Sailaja.Samal\.m2\repository\org\apache\maven\surefire\surefire-logger-api\2.21.0\surefire-logger-api-2.21.0.jar;C:\Users\Sailaja.Samal\.m2\repository\org\apache\maven\surefire\surefire-booter\2.21.0\surefire-booter-2.21.0.jar;C:\Users\Sailaja.Samal\.m2\repository\org\apache\maven\maven-plugin-descriptor\2.2.1\maven-plugin-descriptor-2.2.1.jar;C:\Users\Sailaja.Samal\.m2\repository\org\codehaus\plexus\plexus-container-default\1.0-alpha-9-stable-1\plexus-container-default-1.0-alpha-9-stable-1.jar;C:\Users\Sailaja.Samal\.m2\repository\junit\junit\3.8.1\junit-3.8.1.jar;C:\Users\Sailaja.Samal\.m2\repository\classworlds\classworlds\1.1-alpha-2\classworlds-1.1-alpha-2.jar;C:\Users\Sailaja.Samal\.m2\repository\org\apache\maven\maven-project\2.2.1\maven-project-2.2.1.jar;C:\Users\Sailaja.Samal\.m2\repository\org\apache\maven\maven-profile\2.2.1\maven-profile-2.2.1.jar;C:\Users\Sailaja.Samal\.m2\repository\org\apache\maven\maven-artifact-manager\2.2.1\maven-artifact-manager-2.2.1.jar;C:\Users\Sailaja.Samal\.m2\repository\org\apache\maven\wagon\wagon-provider-api\1.0-beta-6\wagon-provider-api-1.0-beta-6.jar;C:\Users\Sailaja.Samal\.m2\repository\backport-util-concurrent\backport-util-concurrent\3.1\backport-util-concurrent-3.1.jar;C:\Users\Sailaja.Samal\.m2\repository\org\apache\maven\maven-plugin-registry\2.2.1\maven-plugin-registry-2.2.1.jar;C:\Users\Sailaja.Samal\.m2\repository\org\apache\maven\maven-toolchain\2.2.1\maven-toolchain-2.2.1.jar;C:\Users\Sailaja.Samal\.m2\repository\com\codeborne\phantomjsdriver\1.4.4\phantomjsdriver-1.4.4.jar;C:\Users\Sailaja.Samal\.m2\repository\org\seleniumhq\selenium\selenium-api\3.8.1\selenium-api-3.8.1.jar;C:\Users\Sailaja.Samal\.m2\repository\org\seleniumhq\selenium\selenium-remote-driver\3.8.1\selenium-remote-driver-3.8.1.jar;C:\Users\Sailaja.Samal\.m2\repository\org\slf4j\slf4j-log4j12\1.5.6\slf4j-log4j12-1.5.6.jar;C:\Users\Sailaja.Samal\.m2\repository\org\slf4j\slf4j-api\1.5.6\slf4j-api-1.5.6.jar;C:\Users\Sailaja.Samal\.m2\repository\com\ril\Feedzai_test\11.2.0.3\Feedzai_test-11.2.0.3.jar;C:\Users\Sailaja.Samal\.m2\repository\commons-io\commons-io\2.6\commons-io-2.6.jar;C:\Users\Sailaja.Samal\.m2\repository\org\jsoup\jsoup\1.8.3\jsoup-1.8.3.jar;C:\Users\Sailaja.Samal\.m2\repository\org\xerial\sqlite-jdbc\3.8.11.1\sqlite-jdbc-3.8.11.1.jar;C:\Users\Sailaja.Samal\.m2\repository\com\aventstack\extentreports\3.1.5\extentreports-3.1.5.jar;C:\Users\Sailaja.Samal\.m2\repository\org\apache\httpcomponents\httpclient\4.5.2\httpclient-4.5.2.jar;C:\Users\Sailaja.Samal\.m2\repository\org\apache\httpcomponents\httpmime\4.5.2\httpmime-4.5.2.jar;C:\Users\Sailaja.Samal\.m2\repository\com\google\code\gson\gson\2.8.0\gson-2.8.0.jar;C:\Users\Sailaja.Samal\.m2\repository\name\finsterwalder\fileutils\1.1\fileutils-1.1.jar;C:\Users\Sailaja.Samal\.m2\repository\org\seleniumhq\selenium\selenium-chrome-driver\3.11.0\selenium-chrome-driver-3.11.0.jar;C:\Users\Sailaja.Samal\.m2\repository\net\bytebuddy\byte-buddy\1.7.9\byte-buddy-1.7.9.jar;C:\Users\Sailaja.Samal\.m2\repository\org\apache\commons\commons-exec\1.3\commons-exec-1.3.jar;C:\Users\Sailaja.Samal\.m2\repository\commons-codec\commons-codec\1.10\commons-codec-1.10.jar;C:\Users\Sailaja.Samal\.m2\repository\commons-logging\commons-logging\1.2\commons-logging-1.2.jar;C:\Users\Sailaja.Samal\.m2\repository\com\google\guava\guava\23.6-jre\guava-23.6-jre.jar;C:\Users\Sailaja.Samal\.m2\repository\com\google\code\findbugs\jsr305\1.3.9\jsr305-1.3.9.jar;C:\Users\Sailaja.Samal\.m2\repository\org\checkerframework\checker-compat-qual\2.0.0\checker-compat-qual-2.0.0.jar;C:\Users\Sailaja.Samal\.m2\repository\com\google\errorprone\error_prone_annotations\2.1.3\error_prone_annotations-2.1.3.jar;C:\Users\Sailaja.Samal\.m2\repository\com\google\j2objc\j2objc-annotations\1.1\j2objc-annotations-1.1.jar;C:\Users\Sailaja.Samal\.m2\repository\org\codehaus\mojo\animal-sniffer-annotations\1.14\animal-sniffer-annotations-1.14.jar;C:\Users\Sailaja.Samal\.m2\repository\org\apache\httpcomponents\httpcore\4.4.6\httpcore-4.4.6.jar;C:\Users\Sailaja.Samal\.m2\repository\com\squareup\okhttp3\okhttp\3.9.1\okhttp-3.9.1.jar;C:\Users\Sailaja.Samal\.m2\repository\com\squareup\okio\okio\1.13.0\okio-1.13.0.jar;C:\Users\Sailaja.Samal\.m2\repository\org\seleniumhq\selenium\selenium-support\3.12.0\selenium-support-3.12.0.jar;C:\Users\Sailaja.Samal\.m2\repository\org\mongodb\mongodb-driver\3.0.4\mongodb-driver-3.0.4.jar;C:\Users\Sailaja.Samal\.m2\repository\org\mongodb\bson\3.0.4\bson-3.0.4.jar;C:\Users\Sailaja.Samal\.m2\repository\org\mongodb\mongodb-driver-core\3.0.4\mongodb-driver-core-3.0.4.jar;C:\Users\Sailaja.Samal\.m2\repository\org\apache\maven\surefire\surefire-testng-utils\2.21.0\surefire-testng-utils-2.21.0.jar;C:\Users\Sailaja.Samal\.m2\repository\org\apache\maven\surefire\surefire-grouper\2.21.0\surefire-grouper-2.21.0.jar;"/>
    <property name="java.vm.vendor" value="Oracle Corporation"/>
    <property name="sun.arch.data.model" value="64"/>
    <property name="user.variant" value=""/>
    <property name="java.vendor.url" value="http://java.oracle.com/"/>
    <property name="user.timezone" value=""/>
    <property name="java.vm.specification.version" value="1.8"/>
    <property name="os.name" value="Windows 7"/>
    <property name="user.country" value="US"/>
    <property name="sun.java.launcher" value="SUN_STANDARD"/>
    <property name="sun.boot.library.path" value="C:\Program Files\java\jdk1.8.0_171\jre\bin"/>
    <property name="sun.java.command" value="C:\Users\SAILAJ~1.SAM\AppData\Local\Temp\surefire7564607152040800511\surefirebooter677904501464204040.jar C:\Users\Sailaja.Samal\AppData\Local\Temp\surefire7564607152040800511 2018-08-17T14-51-00_665-jvmRun1 surefire1424032866813948337tmp surefire_02212183000036014477tmp"/>
    <property name="surefire.test.class.path" value="C:\Users\Sailaja.Samal\eclipse-workspace\Feedzai_test2\target\test-classes;C:\Users\Sailaja.Samal\eclipse-workspace\Feedzai_test2\target\classes;C:\Users\Sailaja.Samal\.m2\repository\org\freemarker\freemarker\2.3.23\freemarker-2.3.23.jar;C:\Users\Sailaja.Samal\.m2\repository\log4j\log4j\1.2.17\log4j-1.2.17.jar;C:\Users\Sailaja.Samal\.m2\repository\org\testng\testng\6.14.2\testng-6.14.2.jar;C:\Users\Sailaja.Samal\.m2\repository\com\beust\jcommander\1.72\jcommander-1.72.jar;C:\Users\Sailaja.Samal\.m2\repository\org\apache-extras\beanshell\bsh\2.0b6\bsh-2.0b6.jar;C:\Users\Sailaja.Samal\.m2\repository\org\apache\maven\plugins\maven-compiler-plugin\3.7.0\maven-compiler-plugin-3.7.0.jar;C:\Users\Sailaja.Samal\.m2\repository\org\apache\maven\maven-plugin-api\3.0\maven-plugin-api-3.0.jar;C:\Users\Sailaja.Samal\.m2\repository\org\apache\maven\maven-model\3.0\maven-model-3.0.jar;C:\Users\Sailaja.Samal\.m2\repository\org\sonatype\sisu\sisu-inject-plexus\1.4.2\sisu-inject-plexus-1.4.2.jar;C:\Users\Sailaja.Samal\.m2\repository\org\sonatype\sisu\sisu-inject-bean\1.4.2\sisu-inject-bean-1.4.2.jar;C:\Users\Sailaja.Samal\.m2\repository\org\sonatype\sisu\sisu-guice\2.1.7\sisu-guice-2.1.7-noaop.jar;C:\Users\Sailaja.Samal\.m2\repository\org\apache\maven\maven-artifact\3.0\maven-artifact-3.0.jar;C:\Users\Sailaja.Samal\.m2\repository\org\codehaus\plexus\plexus-utils\2.0.4\plexus-utils-2.0.4.jar;C:\Users\Sailaja.Samal\.m2\repository\org\apache\maven\maven-core\3.0\maven-core-3.0.jar;C:\Users\Sailaja.Samal\.m2\repository\org\apache\maven\maven-settings\3.0\maven-settings-3.0.jar;C:\Users\Sailaja.Samal\.m2\repository\org\apache\maven\maven-settings-builder\3.0\maven-settings-builder-3.0.jar;C:\Users\Sailaja.Samal\.m2\repository\org\apache\maven\maven-repository-metadata\3.0\maven-repository-metadata-3.0.jar;C:\Users\Sailaja.Samal\.m2\repository\org\apache\maven\maven-model-builder\3.0\maven-model-builder-3.0.jar;C:\Users\Sailaja.Samal\.m2\repository\org\apache\maven\maven-aether-provider\3.0\maven-aether-provider-3.0.jar;C:\Users\Sailaja.Samal\.m2\repository\org\sonatype\aether\aether-impl\1.7\aether-impl-1.7.jar;C:\Users\Sailaja.Samal\.m2\repository\org\sonatype\aether\aether-spi\1.7\aether-spi-1.7.jar;C:\Users\Sailaja.Samal\.m2\repository\org\sonatype\aether\aether-api\1.7\aether-api-1.7.jar;C:\Users\Sailaja.Samal\.m2\repository\org\sonatype\aether\aether-util\1.7\aether-util-1.7.jar;C:\Users\Sailaja.Samal\.m2\repository\org\codehaus\plexus\plexus-interpolation\1.14\plexus-interpolation-1.14.jar;C:\Users\Sailaja.Samal\.m2\repository\org\codehaus\plexus\plexus-classworlds\2.2.3\plexus-classworlds-2.2.3.jar;C:\Users\Sailaja.Samal\.m2\repository\org\codehaus\plexus\plexus-component-annotations\1.5.5\plexus-component-annotations-1.5.5.jar;C:\Users\Sailaja.Samal\.m2\repository\org\sonatype\plexus\plexus-sec-dispatcher\1.3\plexus-sec-dispatcher-1.3.jar;C:\Users\Sailaja.Samal\.m2\repository\org\sonatype\plexus\plexus-cipher\1.4\plexus-cipher-1.4.jar;C:\Users\Sailaja.Samal\.m2\repository\org\apache\maven\shared\maven-shared-utils\3.1.0\maven-shared-utils-3.1.0.jar;C:\Users\Sailaja.Samal\.m2\repository\org\apache\maven\shared\maven-shared-incremental\1.1\maven-shared-incremental-1.1.jar;C:\Users\Sailaja.Samal\.m2\repository\org\codehaus\plexus\plexus-java\0.9.2\plexus-java-0.9.2.jar;C:\Users\Sailaja.Samal\.m2\repository\org\ow2\asm\asm\6.0_BETA\asm-6.0_BETA.jar;C:\Users\Sailaja.Samal\.m2\repository\com\thoughtworks\qdox\qdox\2.0-M7\qdox-2.0-M7.jar;C:\Users\Sailaja.Samal\.m2\repository\org\codehaus\plexus\plexus-compiler-api\2.8.2\plexus-compiler-api-2.8.2.jar;C:\Users\Sailaja.Samal\.m2\repository\org\codehaus\plexus\plexus-compiler-manager\2.8.2\plexus-compiler-manager-2.8.2.jar;C:\Users\Sailaja.Samal\.m2\repository\org\codehaus\plexus\plexus-compiler-javac\2.8.2\plexus-compiler-javac-2.8.2.jar;C:\Users\Sailaja.Samal\.m2\repository\org\apache\maven\plugins\maven-surefire-plugin\2.21.0\maven-surefire-plugin-2.21.0.jar;C:\Users\Sailaja.Samal\.m2\repository\org\apache\maven\surefire\maven-surefire-common\2.21.0\maven-surefire-common-2.21.0.jar;C:\Users\Sailaja.Samal\.m2\repository\org\apache\maven\plugin-tools\maven-plugin-annotations\3.5\maven-plugin-annotations-3.5.jar;C:\Users\Sailaja.Samal\.m2\repository\org\apache\maven\surefire\surefire-api\2.21.0\surefire-api-2.21.0.jar;C:\Users\Sailaja.Samal\.m2\repository\org\apache\maven\surefire\surefire-logger-api\2.21.0\surefire-logger-api-2.21.0.jar;C:\Users\Sailaja.Samal\.m2\repository\org\apache\maven\surefire\surefire-booter\2.21.0\surefire-booter-2.21.0.jar;C:\Users\Sailaja.Samal\.m2\repository\org\apache\maven\maven-plugin-descriptor\2.2.1\maven-plugin-descriptor-2.2.1.jar;C:\Users\Sailaja.Samal\.m2\repository\org\codehaus\plexus\plexus-container-default\1.0-alpha-9-stable-1\plexus-container-default-1.0-alpha-9-stable-1.jar;C:\Users\Sailaja.Samal\.m2\repository\junit\junit\3.8.1\junit-3.8.1.jar;C:\Users\Sailaja.Samal\.m2\repository\classworlds\classworlds\1.1-alpha-2\classworlds-1.1-alpha-2.jar;C:\Users\Sailaja.Samal\.m2\repository\org\apache\maven\maven-project\2.2.1\maven-project-2.2.1.jar;C:\Users\Sailaja.Samal\.m2\repository\org\apache\maven\maven-profile\2.2.1\maven-profile-2.2.1.jar;C:\Users\Sailaja.Samal\.m2\repository\org\apache\maven\maven-artifact-manager\2.2.1\maven-artifact-manager-2.2.1.jar;C:\Users\Sailaja.Samal\.m2\repository\org\apache\maven\wagon\wagon-provider-api\1.0-beta-6\wagon-provider-api-1.0-beta-6.jar;C:\Users\Sailaja.Samal\.m2\repository\backport-util-concurrent\backport-util-concurrent\3.1\backport-util-concurrent-3.1.jar;C:\Users\Sailaja.Samal\.m2\repository\org\apache\maven\maven-plugin-registry\2.2.1\maven-plugin-registry-2.2.1.jar;C:\Users\Sailaja.Samal\.m2\repository\org\apache\maven\maven-toolchain\2.2.1\maven-toolchain-2.2.1.jar;C:\Users\Sailaja.Samal\.m2\repository\com\codeborne\phantomjsdriver\1.4.4\phantomjsdriver-1.4.4.jar;C:\Users\Sailaja.Samal\.m2\repository\org\seleniumhq\selenium\selenium-api\3.8.1\selenium-api-3.8.1.jar;C:\Users\Sailaja.Samal\.m2\repository\org\seleniumhq\selenium\selenium-remote-driver\3.8.1\selenium-remote-driver-3.8.1.jar;C:\Users\Sailaja.Samal\.m2\repository\org\slf4j\slf4j-log4j12\1.5.6\slf4j-log4j12-1.5.6.jar;C:\Users\Sailaja.Samal\.m2\repository\org\slf4j\slf4j-api\1.5.6\slf4j-api-1.5.6.jar;C:\Users\Sailaja.Samal\.m2\repository\com\ril\Feedzai_test\11.2.0.3\Feedzai_test-11.2.0.3.jar;C:\Users\Sailaja.Samal\.m2\repository\commons-io\commons-io\2.6\commons-io-2.6.jar;C:\Users\Sailaja.Samal\.m2\repository\org\jsoup\jsoup\1.8.3\jsoup-1.8.3.jar;C:\Users\Sailaja.Samal\.m2\repository\org\xerial\sqlite-jdbc\3.8.11.1\sqlite-jdbc-3.8.11.1.jar;C:\Users\Sailaja.Samal\.m2\repository\com\aventstack\extentreports\3.1.5\extentreports-3.1.5.jar;C:\Users\Sailaja.Samal\.m2\repository\org\apache\httpcomponents\httpclient\4.5.2\httpclient-4.5.2.jar;C:\Users\Sailaja.Samal\.m2\repository\org\apache\httpcomponents\httpmime\4.5.2\httpmime-4.5.2.jar;C:\Users\Sailaja.Samal\.m2\repository\com\google\code\gson\gson\2.8.0\gson-2.8.0.jar;C:\Users\Sailaja.Samal\.m2\repository\name\finsterwalder\fileutils\1.1\fileutils-1.1.jar;C:\Users\Sailaja.Samal\.m2\repository\org\seleniumhq\selenium\selenium-chrome-driver\3.11.0\selenium-chrome-driver-3.11.0.jar;C:\Users\Sailaja.Samal\.m2\repository\net\bytebuddy\byte-buddy\1.7.9\byte-buddy-1.7.9.jar;C:\Users\Sailaja.Samal\.m2\repository\org\apache\commons\commons-exec\1.3\commons-exec-1.3.jar;C:\Users\Sailaja.Samal\.m2\repository\commons-codec\commons-codec\1.10\commons-codec-1.10.jar;C:\Users\Sailaja.Samal\.m2\repository\commons-logging\commons-logging\1.2\commons-logging-1.2.jar;C:\Users\Sailaja.Samal\.m2\repository\com\google\guava\guava\23.6-jre\guava-23.6-jre.jar;C:\Users\Sailaja.Samal\.m2\repository\com\google\code\findbugs\jsr305\1.3.9\jsr305-1.3.9.jar;C:\Users\Sailaja.Samal\.m2\repository\org\checkerframework\checker-compat-qual\2.0.0\checker-compat-qual-2.0.0.jar;C:\Users\Sailaja.Samal\.m2\repository\com\google\errorprone\error_prone_annotations\2.1.3\error_prone_annotations-2.1.3.jar;C:\Users\Sailaja.Samal\.m2\repository\com\google\j2objc\j2objc-annotations\1.1\j2objc-annotations-1.1.jar;C:\Users\Sailaja.Samal\.m2\repository\org\codehaus\mojo\animal-sniffer-annotations\1.14\animal-sniffer-annotations-1.14.jar;C:\Users\Sailaja.Samal\.m2\repository\org\apache\httpcomponents\httpcore\4.4.6\httpcore-4.4.6.jar;C:\Users\Sailaja.Samal\.m2\repository\com\squareup\okhttp3\okhttp\3.9.1\okhttp-3.9.1.jar;C:\Users\Sailaja.Samal\.m2\repository\com\squareup\okio\okio\1.13.0\okio-1.13.0.jar;C:\Users\Sailaja.Samal\.m2\repository\org\seleniumhq\selenium\selenium-support\3.12.0\selenium-support-3.12.0.jar;C:\Users\Sailaja.Samal\.m2\repository\org\mongodb\mongodb-driver\3.0.4\mongodb-driver-3.0.4.jar;C:\Users\Sailaja.Samal\.m2\repository\org\mongodb\bson\3.0.4\bson-3.0.4.jar;C:\Users\Sailaja.Samal\.m2\repository\org\mongodb\mongodb-driver-core\3.0.4\mongodb-driver-core-3.0.4.jar;C:\Users\Sailaja.Samal\.m2\repository\org\apache\maven\surefire\surefire-testng-utils\2.21.0\surefire-testng-utils-2.21.0.jar;C:\Users\Sailaja.Samal\.m2\repository\org\apache\maven\surefire\surefire-grouper\2.21.0\surefire-grouper-2.21.0.jar;"/>
    <property name="sun.cpu.endian" value="little"/>
    <property name="user.home" value="C:\Users\Sailaja.Samal"/>
    <property name="user.language" value="en"/>
    <property name="java.specification.vendor" value="Oracle Corporation"/>
    <property name="java.home" value="C:\Program Files\java\jdk1.8.0_171\jre"/>
    <property name="basedir" value="C:\Users\Sailaja.Samal\eclipse-workspace\Feedzai_test2"/>
    <property name="file.separator" value="\"/>
    <property name="line.separator" value="&#10;"/>
    <property name="java.vm.specification.vendor" value="Oracle Corporation"/>
    <property name="java.specification.name" value="Java Platform API Specification"/>
    <property name="java.awt.graphicsenv" value="sun.awt.Win32GraphicsEnvironment"/>
    <property name="surefire.real.class.path" value="C:\Users\SAILAJ~1.SAM\AppData\Local\Temp\surefire7564607152040800511\surefirebooter677904501464204040.jar"/>
    <property name="sun.boot.class.path" value="C:\Program Files\java\jdk1.8.0_171\jre\lib\resources.jar;C:\Program Files\java\jdk1.8.0_171\jre\lib\rt.jar;C:\Program Files\java\jdk1.8.0_171\jre\lib\sunrsasign.jar;C:\Program Files\java\jdk1.8.0_171\jre\lib\jsse.jar;C:\Program Files\java\jdk1.8.0_171\jre\lib\jce.jar;C:\Program Files\java\jdk1.8.0_171\jre\lib\charsets.jar;C:\Program Files\java\jdk1.8.0_171\jre\lib\jfr.jar;C:\Program Files\java\jdk1.8.0_171\jre\classes"/>
    <property name="user.script" value=""/>
    <property name="sun.management.compiler" value="HotSpot 64-Bit Tiered Compilers"/>
    <property name="java.runtime.version" value="1.8.0_171-b11"/>
    <property name="user.name" value="Sailaja.Samal"/>
    <property name="path.separator" value=";"/>
    <property name="os.version" value="6.1"/>
    <property name="java.endorsed.dirs" value="C:\Program Files\java\jdk1.8.0_171\jre\lib\endorsed"/>
    <property name="java.runtime.name" value="Java(TM) SE Runtime Environment"/>
    <property name="file.encoding" value="Cp1252"/>
    <property name="java.vm.name" value="Java HotSpot(TM) 64-Bit Server VM"/>
    <property name="localRepository" value="C:\Users\Sailaja.Samal\.m2\repository"/>
    <property name="java.vendor.url.bug" value="http://bugreport.sun.com/bugreport/"/>
    <property name="java.io.tmpdir" value="C:\Users\SAILAJ~1.SAM\AppData\Local\Temp\"/>
    <property name="java.version" value="1.8.0_171"/>
    <property name="user.dir" value="C:\Users\Sailaja.Samal\eclipse-workspace\Feedzai_test2"/>
    <property name="os.arch" value="amd64"/>
    <property name="java.vm.specification.name" value="Java Virtual Machine Specification"/>
    <property name="java.awt.printerjob" value="sun.awt.windows.WPrinterJob"/>
    <property name="sun.os.patch.level" value="Service Pack 1"/>
    <property name="java.library.path" value="C:\Program Files\java\jdk1.8.0_171\jre\bin;C:\WINDOWS\Sun\Java\bin;C:\WINDOWS\system32;C:\WINDOWS;C:\Program Files\java\jdk1.8.0_171\bin;C:\Apache_Maven\apache-maven-3.5.4\bin;C:\Windows\System32;C:\Users\Sailaja.Samal\Documents\adt-bundle-windows-x86_64-20131030\sdk\tools;C:\Users\Sailaja.Samal\Documents\adt-bundle-windows-x86_64-20131030\sdk\platform-tools;C:\Program Files\Git\cmd;."/>
    <property name="java.vm.info" value="mixed mode"/>
    <property name="java.vendor" value="Oracle Corporation"/>
    <property name="java.vm.version" value="25.171-b11"/>
    <property name="java.ext.dirs" value="C:\Program Files\java\jdk1.8.0_171\jre\lib\ext;C:\WINDOWS\Sun\Java\lib\ext"/>
    <property name="sun.io.unicode.encoding" value="UnicodeLittle"/>
    <property name="java.class.version" value="52.0"/>
  </properties>
  <testcase name="AgentAllRule" classname="com.ril.FeedzaiTestScript.MyTest" time="0"/>
</testsuite>