<?xml version="1.0" encoding="UTF-8"?>
<!-- Generated by org.testng.reporters.JUnitReportReporter -->
<testsuite skipped="0" hostname="DT0050573" name="com.ril.FeedzaiTestScript.Feedzai_Rule029_Merchant" tests="1" failures="0" timestamp="10 Sep 2018 12:23:03 GMT" time="166.236" errors="0">
  <testcase name="PulseChange_029" time="166.236" classname="com.ril.FeedzaiTestScript.Feedzai_Rule029_Merchant"/>
</testsuite> <!-- com.ril.FeedzaiTestScript.Feedzai_Rule029_Merchant -->
