<?xml version="1.0" encoding="UTF-8"?>
<!-- Generated by org.testng.reporters.JUnitReportReporter -->
<testsuite skipped="0" hostname="DT0050573" name="Test1" tests="1" failures="0" timestamp="02 Aug 2018 07:17:47 GMT" time="0.022" errors="0">
  <testcase name="Test1" time="0.022" classname="Test1"/>
</testsuite> <!-- Test1 -->
