<?xml version="1.0" encoding="UTF-8"?>
<!-- Generated by org.testng.reporters.JUnitReportReporter -->
<testsuite skipped="0" hostname="DT0050573" name="com.ril.FeedzaiTestScript.Feedzai_Rule039c_Agent" tests="3" failures="0" timestamp="13 Aug 2018 08:32:20 GMT" time="343.169" errors="0">
  <testcase name="PulseChange_039c" time="140.227" classname="com.ril.FeedzaiTestScript.Feedzai_Rule039c_Agent"/>
  <testcase name="Validate_39c" time="136.575" classname="com.ril.FeedzaiTestScript.Feedzai_Rule039c_Agent"/>
  <testcase name="PulseRevert_039c" time="66.367" classname="com.ril.FeedzaiTestScript.Feedzai_Rule039c_Agent"/>
</testsuite> <!-- com.ril.FeedzaiTestScript.Feedzai_Rule039c_Agent -->
