<?xml version="1.0" encoding="UTF-8"?>
<!-- Generated by org.testng.reporters.JUnitReportReporter -->
<testsuite skipped="0" hostname="DT0050573" name="com.ril.FeedzaiTestScript.Feedzai_Rule007a_Purchase" tests="3" failures="0" timestamp="13 Aug 2018 08:32:20 GMT" time="453.318" errors="0">
  <testcase name="PulseChange_007a" time="164.163" classname="com.ril.FeedzaiTestScript.Feedzai_Rule007a_Purchase"/>
  <testcase name="AM_Verify_007a" time="128.967" classname="com.ril.FeedzaiTestScript.Feedzai_Rule007a_Purchase"/>
  <testcase name="PulseRevert_007a" time="160.188" classname="com.ril.FeedzaiTestScript.Feedzai_Rule007a_Purchase"/>
</testsuite> <!-- com.ril.FeedzaiTestScript.Feedzai_Rule007a_Purchase -->
