<?xml version="1.0" encoding="UTF-8"?>
<!-- Generated by org.testng.reporters.JUnitReportReporter -->
<testsuite skipped="0" hostname="DT0050573" name="com.ril.FeedzaiTestScript.MyTest" tests="1" failures="0" timestamp="04 Sep 2018 09:49:37 GMT" time="0.005" errors="0">
  <testcase name="AgentAllRule" time="0.005" classname="com.ril.FeedzaiTestScript.MyTest"/>
</testsuite> <!-- com.ril.FeedzaiTestScript.MyTest -->
