<?xml version="1.0" encoding="UTF-8"?>
<!-- Generated by org.testng.reporters.JUnitReportReporter -->
<testsuite skipped="0" hostname="DT0050573" name="com.ril.FeedzaiTestScript.Feedzai_Rule250_250a_250d_250f_Agent" tests="9" failures="0" timestamp="13 Aug 2018 09:42:54 GMT" time="749.673" errors="0">
  <testcase name="AgentRuleTest_250" time="117.343" classname="com.ril.FeedzaiTestScript.Feedzai_Rule250_250a_250d_250f_Agent"/>
  <testcase name="AgentRuleTest_250A" time="85.618" classname="com.ril.FeedzaiTestScript.Feedzai_Rule250_250a_250d_250f_Agent"/>
  <testcase name="AgentRuleTest_250d" time="75.612" classname="com.ril.FeedzaiTestScript.Feedzai_Rule250_250a_250d_250f_Agent"/>
  <testcase name="AgentRuleTest_250f" time="84.589" classname="com.ril.FeedzaiTestScript.Feedzai_Rule250_250a_250d_250f_Agent"/>
  <testcase name="PerformAgentTranc" time="244.299" classname="com.ril.FeedzaiTestScript.Feedzai_Rule250_250a_250d_250f_Agent"/>
  <testcase name="PulseRevert_250" time="59.410" classname="com.ril.FeedzaiTestScript.Feedzai_Rule250_250a_250d_250f_Agent"/>
  <testcase name="PulseRevert_250a" time="30.056" classname="com.ril.FeedzaiTestScript.Feedzai_Rule250_250a_250d_250f_Agent"/>
  <testcase name="PulseRevert_250d" time="25.067" classname="com.ril.FeedzaiTestScript.Feedzai_Rule250_250a_250d_250f_Agent"/>
  <testcase name="PulseRevert_250f" time="27.679" classname="com.ril.FeedzaiTestScript.Feedzai_Rule250_250a_250d_250f_Agent"/>
</testsuite> <!-- com.ril.FeedzaiTestScript.Feedzai_Rule250_250a_250d_250f_Agent -->
