<?xml version="1.0" encoding="UTF-8"?>
<!-- Generated by org.testng.reporters.JUnitReportReporter -->
<testsuite skipped="0" hostname="DT0050573" name="com.ril.FeedzaiTestScript.Feedzai_Rule039a_039d_039f_200_165_Consumer" tests="1" failures="0" timestamp="06 Sep 2018 10:29:11 GMT" time="53.838" errors="0">
  <testcase name="PulseRevert_200" time="53.838" classname="com.ril.FeedzaiTestScript.Feedzai_Rule039a_039d_039f_200_165_Consumer"/>
</testsuite> <!-- com.ril.FeedzaiTestScript.Feedzai_Rule039a_039d_039f_200_165_Consumer -->
