<?xml version="1.0" encoding="UTF-8"?>
<!-- Generated by org.testng.reporters.JUnitReportReporter -->
<testsuite skipped="0" hostname="DT0050573" name="com.ril.FeedzaiTestScript.MyTest" tests="1" failures="0" timestamp="17 Aug 2018 09:21:24 GMT" time="0.000" errors="0">
  <testcase name="AgentAllRule" time="0.000" classname="com.ril.FeedzaiTestScript.MyTest"/>
</testsuite> <!-- com.ril.FeedzaiTestScript.MyTest -->
